<?xml version="1.0" encoding="UTF-8"?>
<testsuite name="com.board.BoardApplicationTests" tests="1" skipped="0" failures="0" errors="0" timestamp="2023-10-27T02:27:42" hostname="426-00" time="0.272">
  <properties/>
  <testcase name="testSqlSession()" classname="com.board.BoardApplicationTests" time="0.272"/>
  <system-out><![CDATA[11:27:40.910 [Test worker] DEBUG org.springframework.test.context.BootstrapUtils - Instantiating CacheAwareContextLoaderDelegate from class [org.springframework.test.context.cache.DefaultCacheAwareContextLoaderDelegate]
11:27:40.917 [Test worker] DEBUG org.springframework.test.context.BootstrapUtils - Instantiating BootstrapContext using constructor [public org.springframework.test.context.support.DefaultBootstrapContext(java.lang.Class,org.springframework.test.context.CacheAwareContextLoaderDelegate)]
11:27:40.941 [Test worker] DEBUG org.springframework.test.context.BootstrapUtils - Instantiating TestContextBootstrapper for test class [com.board.BoardApplicationTests] from class [org.springframework.boot.test.context.SpringBootTestContextBootstrapper]
11:27:40.949 [Test worker] INFO org.springframework.boot.test.context.SpringBootTestContextBootstrapper - Neither @ContextConfiguration nor @ContextHierarchy found for test class [com.board.BoardApplicationTests], using SpringBootContextLoader
11:27:40.952 [Test worker] DEBUG org.springframework.test.context.support.AbstractContextLoader - Did not detect default resource location for test class [com.board.BoardApplicationTests]: class path resource [com/board/BoardApplicationTests-context.xml] does not exist
11:27:40.953 [Test worker] DEBUG org.springframework.test.context.support.AbstractContextLoader - Did not detect default resource location for test class [com.board.BoardApplicationTests]: class path resource [com/board/BoardApplicationTestsContext.groovy] does not exist
11:27:40.953 [Test worker] INFO org.springframework.test.context.support.AbstractContextLoader - Could not detect default resource locations for test class [com.board.BoardApplicationTests]: no resource found for suffixes {-context.xml, Context.groovy}.
11:27:40.953 [Test worker] INFO org.springframework.test.context.support.AnnotationConfigContextLoaderUtils - Could not detect default configuration classes for test class [com.board.BoardApplicationTests]: BoardApplicationTests does not declare any static, non-private, non-final, nested classes annotated with @Configuration.
11:27:40.981 [Test worker] DEBUG org.springframework.test.context.support.ActiveProfilesUtils - Could not find an 'annotation declaring class' for annotation type [org.springframework.test.context.ActiveProfiles] and class [com.board.BoardApplicationTests]
11:27:41.020 [Test worker] DEBUG org.springframework.context.annotation.ClassPathScanningCandidateComponentProvider - Identified candidate component class: file [D:\dev\springboot\Board\build\classes\java\main\com\board\BoardApplication.class]
11:27:41.022 [Test worker] INFO org.springframework.boot.test.context.SpringBootTestContextBootstrapper - Found @SpringBootConfiguration com.board.BoardApplication for test class com.board.BoardApplicationTests
11:27:41.087 [Test worker] DEBUG org.springframework.boot.test.context.SpringBootTestContextBootstrapper - @TestExecutionListeners is not present for class [com.board.BoardApplicationTests]: using defaults.
11:27:41.087 [Test worker] INFO org.springframework.boot.test.context.SpringBootTestContextBootstrapper - Loaded default TestExecutionListener class names from location [META-INF/spring.factories]: [org.springframework.boot.test.autoconfigure.restdocs.RestDocsTestExecutionListener, org.springframework.boot.test.autoconfigure.web.client.MockRestServiceServerResetTestExecutionListener, org.springframework.boot.test.autoconfigure.web.servlet.MockMvcPrintOnlyOnFailureTestExecutionListener, org.springframework.boot.test.autoconfigure.web.servlet.WebDriverTestExecutionListener, org.springframework.boot.test.autoconfigure.webservices.client.MockWebServiceServerTestExecutionListener, org.springframework.boot.test.mock.mockito.MockitoTestExecutionListener, org.springframework.boot.test.mock.mockito.ResetMocksTestExecutionListener, org.springframework.test.context.web.ServletTestExecutionListener, org.springframework.test.context.support.DirtiesContextBeforeModesTestExecutionListener, org.springframework.test.context.event.ApplicationEventsTestExecutionListener, org.springframework.test.context.support.DependencyInjectionTestExecutionListener, org.springframework.test.context.support.DirtiesContextTestExecutionListener, org.springframework.test.context.transaction.TransactionalTestExecutionListener, org.springframework.test.context.jdbc.SqlScriptsTestExecutionListener, org.springframework.test.context.event.EventPublishingTestExecutionListener]
11:27:41.106 [Test worker] INFO org.springframework.boot.test.context.SpringBootTestContextBootstrapper - Using TestExecutionListeners: [org.springframework.test.context.web.ServletTestExecutionListener@6ca320ab, org.springframework.test.context.support.DirtiesContextBeforeModesTestExecutionListener@50d68830, org.springframework.test.context.event.ApplicationEventsTestExecutionListener@1e53135d, org.springframework.boot.test.mock.mockito.MockitoTestExecutionListener@7674a051, org.springframework.boot.test.autoconfigure.SpringBootDependencyInjectionTestExecutionListener@3a7704c, org.springframework.test.context.support.DirtiesContextTestExecutionListener@6754ef00, org.springframework.test.context.transaction.TransactionalTestExecutionListener@619bd14c, org.springframework.test.context.jdbc.SqlScriptsTestExecutionListener@323e8306, org.springframework.test.context.event.EventPublishingTestExecutionListener@a23a01d, org.springframework.boot.test.autoconfigure.restdocs.RestDocsTestExecutionListener@4acf72b6, org.springframework.boot.test.autoconfigure.web.client.MockRestServiceServerResetTestExecutionListener@7561db12, org.springframework.boot.test.autoconfigure.web.servlet.MockMvcPrintOnlyOnFailureTestExecutionListener@3301500b, org.springframework.boot.test.autoconfigure.web.servlet.WebDriverTestExecutionListener@24b52d3e, org.springframework.boot.test.autoconfigure.webservices.client.MockWebServiceServerTestExecutionListener@15deb1dc, org.springframework.boot.test.mock.mockito.ResetMocksTestExecutionListener@6e9c413e]
11:27:41.108 [Test worker] DEBUG org.springframework.test.context.support.AbstractDirtiesContextTestExecutionListener - Before test class: context [DefaultTestContext@1968a49c testClass = BoardApplicationTests, testInstance = [null], testMethod = [null], testException = [null], mergedContextConfiguration = [WebMergedContextConfiguration@6a1ebcff testClass = BoardApplicationTests, locations = '{}', classes = '{class com.board.BoardApplication}', contextInitializerClasses = '[]', activeProfiles = '{}', propertySourceLocations = '{}', propertySourceProperties = '{org.springframework.boot.test.context.SpringBootTestContextBootstrapper=true}', contextCustomizers = set[org.springframework.boot.test.autoconfigure.actuate.metrics.MetricsExportContextCustomizerFactory$DisableMetricExportContextCustomizer@662f5666, org.springframework.boot.test.autoconfigure.properties.PropertyMappingContextCustomizer@0, org.springframework.boot.test.autoconfigure.web.servlet.WebDriverContextCustomizerFactory$Customizer@6f2cb653, org.springframework.boot.test.context.filter.ExcludeFilterContextCustomizer@75ed9710, org.springframework.boot.test.json.DuplicateJsonObjectContextCustomizerFactory$DuplicateJsonObjectContextCustomizer@19fb8826, org.springframework.boot.test.mock.mockito.MockitoContextCustomizer@0, org.springframework.boot.test.web.client.TestRestTemplateContextCustomizer@3b956878, org.springframework.boot.test.context.SpringBootTestArgs@1, org.springframework.boot.test.context.SpringBootTestWebEnvironment@7b993c65], resourceBasePath = 'src/main/webapp', contextLoader = 'org.springframework.boot.test.context.SpringBootContextLoader', parent = [null]], attributes = map['org.springframework.test.context.web.ServletTestExecutionListener.activateListener' -> true]], class annotated with @DirtiesContext [false] with mode [null].

  .   ____          _            __ _ _
 /\\ / ___'_ __ _ _(_)_ __  __ _ \ \ \ \
( ( )\___ | '_ | '_| | '_ \/ _` | \ \ \ \
 \\/  ___)| |_)| | | | | || (_| |  ) ) ) )
  '  |____| .__|_| |_|_| |_\__, | / / / /
 =========|_|==============|___/=/_/_/_/
 :: Spring Boot ::      (v2.7.18-SNAPSHOT)

2023-10-27 11:27:41.352  INFO 14716 --- [    Test worker] com.board.BoardApplicationTests          : Starting BoardApplicationTests using Java 11.0.18 on 426-00 with PID 14716 (started by Administrator in D:\dev\springboot\Board)
2023-10-27 11:27:41.353  INFO 14716 --- [    Test worker] com.board.BoardApplicationTests          : No active profile set, falling back to 1 default profile: "default"
2023-10-27 11:27:42.849  INFO 14716 --- [    Test worker] com.board.BoardApplicationTests          : Started BoardApplicationTests in 1.712 seconds (JVM running for 2.679)
sqlSession:org.mybatis.spring.SqlSessionTemplate@40a8a26f
]]></system-out>
  <system-err><![CDATA[]]></system-err>
</testsuite>
